<?xml version="1.0" encoding="UTF-8"?>
<!-- Generated by org.testng.reporters.JUnitXMLReporter -->
<testsuite ignored="0" hostname="DevoPriya-Desktop" failures="0" tests="3" name="Test" time="0.092" errors="0" timestamp="2021-12-31T21:41:13 IST">
  <testcase classname="com.crm.Demo10.Org.GithubJenkins" name="githubJenkis" time="0.011"/>
  <testcase classname="com.crm.Demo10.Org.orgTest" name="createOrg" time="0.009"/>
  <testcase classname="com.crm.Demo10.Org.orgTest" name="deleteOrg" time="0.002"/>
</testsuite> <!-- Test -->
