<?xml version="1.0" encoding="UTF-8"?>
<testng-results ignored="0" total="3" passed="3" failed="0" skipped="0">
  <reporter-output>
  </reporter-output>
  <suite started-at="2021-12-31T21:41:13 IST" name="Suite" finished-at="2021-12-31T21:41:13 IST" duration-ms="92">
    <groups>
    </groups>
    <test started-at="2021-12-31T21:41:13 IST" name="Test" finished-at="2021-12-31T21:41:13 IST" duration-ms="92">
      <class name="com.crm.Demo10.Org.GithubJenkins">
        <test-method signature="githubJenkis()[pri:0, instance:com.crm.Demo10.Org.GithubJenkins@57af006c]" started-at="2021-12-31T21:41:13 IST" name="githubJenkis" finished-at="2021-12-31T21:41:13 IST" duration-ms="11" status="PASS">
          <reporter-output>
          </reporter-output>
        </test-method> <!-- githubJenkis -->
      </class> <!-- com.crm.Demo10.Org.GithubJenkins -->
      <class name="com.crm.Demo10.Org.orgTest">
        <test-method signature="createOrg()[pri:0, instance:com.crm.Demo10.Org.orgTest@3d5c822d]" started-at="2021-12-31T21:41:13 IST" name="createOrg" finished-at="2021-12-31T21:41:13 IST" duration-ms="9" status="PASS">
          <reporter-output>
          </reporter-output>
        </test-method> <!-- createOrg -->
        <test-method signature="deleteOrg()[pri:0, instance:com.crm.Demo10.Org.orgTest@3d5c822d]" started-at="2021-12-31T21:41:13 IST" name="deleteOrg" finished-at="2021-12-31T21:41:13 IST" duration-ms="2" status="PASS">
          <reporter-output>
          </reporter-output>
        </test-method> <!-- deleteOrg -->
      </class> <!-- com.crm.Demo10.Org.orgTest -->
    </test> <!-- Test -->
  </suite> <!-- Suite -->
</testng-results>
