<?xml version="1.0" encoding="UTF-8"?>
<testng-results ignored="0" total="2" passed="2" failed="0" skipped="0">
  <reporter-output>
  </reporter-output>
  <suite started-at="2021-12-30T12:30:51Z" name="Default suite" finished-at="2021-12-30T12:30:51Z" duration-ms="74">
    <groups>
    </groups>
    <test started-at="2021-12-30T12:30:51Z" name="Default test" finished-at="2021-12-30T12:30:51Z" duration-ms="74">
      <class name="com.crm.Demo10.Org.orgTest">
        <test-method signature="createOrg()[pri:0, instance:com.crm.Demo10.Org.orgTest@3eb77ea8]" started-at="2021-12-30T12:30:51Z" name="createOrg" finished-at="2021-12-30T12:30:51Z" duration-ms="19" status="PASS">
          <reporter-output>
          </reporter-output>
        </test-method> <!-- createOrg -->
        <test-method signature="deleteOrg()[pri:0, instance:com.crm.Demo10.Org.orgTest@3eb77ea8]" started-at="2021-12-30T12:30:51Z" name="deleteOrg" finished-at="2021-12-30T12:30:51Z" duration-ms="3" status="PASS">
          <reporter-output>
          </reporter-output>
        </test-method> <!-- deleteOrg -->
      </class> <!-- com.crm.Demo10.Org.orgTest -->
    </test> <!-- Default test -->
  </suite> <!-- Default suite -->
</testng-results>
